<?xml version="1.0" encoding="UTF-8"?>
<!-- Generated by org.testng.reporters.JUnitReportReporter -->
<testsuite hostname="DESKTOP-PSS8L4R" failures="0" tests="1" name="UserManagement.EditRole" time="36.183" errors="0" timestamp="2025-07-24T15:14:35 IST" skipped="0">
  <testcase classname="UserManagement.EditRole" name="loginAndAddDeviceTest" time="36.183"/>
</testsuite> <!-- UserManagement.EditRole -->
