<?xml version="1.0" encoding="UTF-8"?>
<!-- Generated by org.testng.reporters.JUnitReportReporter -->
<testsuite hostname="DESKTOP-PSS8L4R" failures="0" tests="1" name="Device.AddDevice" time="53.147" errors="0" timestamp="2025-07-21T16:32:51 IST" skipped="0">
  <testcase classname="Device.AddDevice" name="loginAndAddDeviceTest" time="53.147"/>
</testsuite> <!-- Device.AddDevice -->
