<?xml version="1.0" encoding="UTF-8"?>
<!-- Generated by org.testng.reporters.JUnitReportReporter -->
<testsuite hostname="DESKTOP-PSS8L4R" failures="0" tests="1" name="Device.EditDevice" time="38.926" errors="0" timestamp="2025-07-21T18:25:59 IST" skipped="0">
  <testcase classname="Device.EditDevice" name="loginAndAddDeviceTest" time="38.926"/>
</testsuite> <!-- Device.EditDevice -->
