<?xml version="1.0" encoding="UTF-8"?>
<!-- Generated by org.testng.reporters.JUnitReportReporter -->
<testsuite hostname="DESKTOP-PSS8L4R" failures="0" tests="2" name="Category.EditCategory" time="48.607" errors="0" timestamp="2025-07-18T15:56:10 IST" skipped="0">
  <testcase classname="Category.EditCategory" name="validLoginAndEditCategoryTest" time="32.050"/>
  <testcase classname="Category.EditCategory" name="invalidLoginTest" time="16.557"/>
</testsuite> <!-- Category.EditCategory -->
