<?xml version="1.0" encoding="UTF-8"?>
<!-- Generated by org.testng.reporters.JUnitReportReporter -->
<testsuite hostname="DESKTOP-PSS8L4R" failures="0" tests="1" name="Category.AddCategory" time="26.427" errors="0" timestamp="2025-07-18T12:41:00 IST" skipped="0">
  <testcase classname="Category.AddCategory" name="loginAndClickCategoryTest" time="26.427"/>
</testsuite> <!-- Category.AddCategory -->
