<?xml version="1.0" encoding="UTF-8"?>
<!-- Generated by org.testng.reporters.JUnitReportReporter -->
<testsuite hostname="DESKTOP-PSS8L4R" failures="0" tests="1" name="Device.DeviceSearch" time="30.141" errors="0" timestamp="2025-07-22T15:10:32 IST" skipped="0">
  <testcase classname="Device.DeviceSearch" name="loginAndAddDeviceTest" time="30.141"/>
</testsuite> <!-- Device.DeviceSearch -->
