<?xml version="1.0" encoding="UTF-8"?>
<!-- Generated by org.testng.reporters.JUnitReportReporter -->
<testsuite hostname="DESKTOP-PSS8L4R" failures="0" tests="1" name="UserManagement.User" time="28.641" errors="0" timestamp="2025-07-22T16:57:34 IST" skipped="0">
  <testcase classname="UserManagement.User" name="loginAndAddDeviceTest" time="28.641"/>
</testsuite> <!-- UserManagement.User -->
