<?xml version="1.0" encoding="UTF-8"?>
<!-- Generated by org.testng.reporters.JUnitReportReporter -->
<testsuite hostname="DESKTOP-PSS8L4R" failures="0" tests="1" name="UserManagement.User" time="33.371" errors="0" timestamp="2025-07-22T16:18:16 IST" skipped="0">
  <testcase classname="UserManagement.User" name="loginAndAddDeviceTest" time="33.371"/>
</testsuite> <!-- UserManagement.User -->
