<?xml version="1.0" encoding="UTF-8"?>
<!-- Generated by org.testng.reporters.JUnitReportReporter -->
<testsuite hostname="DESKTOP-PSS8L4R" failures="0" tests="1" name="AuthanticationFlow.Signup" time="12.407" errors="0" timestamp="2025-07-17T17:41:53 IST" skipped="0">
  <testcase classname="AuthanticationFlow.Signup" name="signUpTest" time="12.407"/>
</testsuite> <!-- AuthanticationFlow.Signup -->
