<?xml version="1.0" encoding="UTF-8"?>
<!-- Generated by org.testng.reporters.JUnitReportReporter -->
<testsuite hostname="DESKTOP-PSS8L4R" failures="0" tests="1" name="Category.EditCategory" time="35.499" errors="0" timestamp="2025-07-18T14:48:38 IST" skipped="0">
  <testcase classname="Category.EditCategory" name="loginAndClickCategoryTest" time="35.499"/>
</testsuite> <!-- Category.EditCategory -->
