<?xml version="1.0" encoding="UTF-8"?>
<!-- Generated by org.testng.reporters.JUnitReportReporter -->
<testsuite hostname="DESKTOP-PSS8L4R" failures="0" tests="1" name="UserManagement.RoleNameSearch" time="32.914" errors="0" timestamp="2025-07-24T15:30:51 IST" skipped="0">
  <testcase classname="UserManagement.RoleNameSearch" name="loginAndAddDeviceTest" time="32.914"/>
</testsuite> <!-- UserManagement.RoleNameSearch -->
