<?xml version="1.0" encoding="UTF-8"?>
<!-- Generated by org.testng.reporters.JUnitReportReporter -->
<testsuite hostname="DESKTOP-PSS8L4R" failures="0" tests="1" name="Device.DeviceSearch" time="31.392" errors="0" timestamp="2025-07-22T13:15:40 IST" skipped="0">
  <testcase classname="Device.DeviceSearch" name="loginAndAddDeviceTest" time="31.392"/>
</testsuite> <!-- Device.DeviceSearch -->
