<?xml version="1.0" encoding="UTF-8"?>
<!-- Generated by org.testng.reporters.JUnitReportReporter -->
<testsuite hostname="DESKTOP-PSS8L4R" failures="0" tests="1" name="UserManagement.AddRole" time="34.259" errors="0" timestamp="2025-07-24T14:11:11 IST" skipped="0">
  <testcase classname="UserManagement.AddRole" name="loginAndAddDeviceTest" time="34.259"/>
</testsuite> <!-- UserManagement.AddRole -->
